\BOOKMARK [1][-]{section.1}{\376\377\000P\000r\000o\000b\000l\000e\000m\000\040\000D\000e\000f\000i\000n\000i\000t\000i\000o\000n\000\040\000\046\000\040\000B\000u\000s\000i\000n\000e\000s\000s\000\040\000C\000o\000n\000t\000e\000x\000t}{}% 1
\BOOKMARK [2][-]{subsection.1.1}{\376\377\000B\000u\000s\000i\000n\000e\000s\000s\000\040\000P\000r\000o\000b\000l\000e\000m}{section.1}% 2
\BOOKMARK [2][-]{subsection.1.2}{\376\377\000S\000t\000a\000k\000e\000h\000o\000l\000d\000e\000r\000s}{section.1}% 3
\BOOKMARK [2][-]{subsection.1.3}{\376\377\000P\000r\000o\000b\000l\000e\000m\000\040\000F\000o\000r\000m\000u\000l\000a\000t\000i\000o\000n}{section.1}% 4
\BOOKMARK [2][-]{subsection.1.4}{\376\377\000J\000u\000s\000t\000i\000f\000i\000c\000a\000t\000i\000o\000n\000\040\000f\000o\000r\000\040\000C\000l\000a\000s\000s\000i\000f\000i\000c\000a\000t\000i\000o\000n}{section.1}% 5
\BOOKMARK [2][-]{subsection.1.5}{\376\377\000B\000u\000s\000i\000n\000e\000s\000s\000\040\000I\000m\000p\000a\000c\000t}{section.1}% 6
\BOOKMARK [1][-]{section.2}{\376\377\000D\000a\000t\000a\000\040\000A\000c\000q\000u\000i\000s\000i\000t\000i\000o\000n\000\040\000\046\000\040\000I\000n\000t\000e\000g\000r\000a\000t\000i\000o\000n}{}% 7
\BOOKMARK [2][-]{subsection.2.1}{\376\377\000S\000o\000u\000r\000c\000e\000s\000\040\000D\000e\000s\000c\000r\000i\000p\000t\000i\000o\000n}{section.2}% 8
\BOOKMARK [3][-]{subsubsection.2.1.1}{\376\377\000P\000r\000i\000m\000a\000r\000y\000\040\000S\000o\000u\000r\000c\000e\000\040\000\050\000K\000a\000g\000g\000l\000e\000\040\000D\000a\000t\000a\000s\000e\000t\000\051}{subsection.2.1}% 9
\BOOKMARK [3][-]{subsubsection.2.1.2}{\376\377\000S\000e\000c\000o\000n\000d\000a\000r\000y\000\040\000S\000o\000u\000r\000c\000e\000\040\000\050\000W\000e\000b\000\040\000S\000c\000r\000a\000p\000i\000n\000g\000\051}{subsection.2.1}% 10
\BOOKMARK [2][-]{subsection.2.2}{\376\377\000D\000a\000t\000a\000\040\000A\000c\000q\000u\000i\000s\000i\000t\000i\000o\000n}{section.2}% 11
\BOOKMARK [2][-]{subsection.2.3}{\376\377\000D\000a\000t\000a\000\040\000A\000c\000q\000u\000i\000s\000i\000t\000i\000o\000n\000\040\000P\000i\000p\000e\000l\000i\000n\000e}{section.2}% 12
\BOOKMARK [2][-]{subsection.2.4}{\376\377\000D\000a\000t\000a\000\040\000I\000n\000t\000e\000g\000r\000a\000t\000i\000o\000n\000\040\000S\000t\000r\000a\000t\000e\000g\000y}{section.2}% 13
\BOOKMARK [2][-]{subsection.2.5}{\376\377\000F\000e\000a\000t\000u\000r\000e\000\040\000D\000o\000c\000u\000m\000e\000n\000t\000a\000t\000i\000o\000n\000\040\000\050\000C\000o\000r\000e\000\040\000F\000i\000e\000l\000d\000s\000\051}{section.2}% 14
\BOOKMARK [1][-]{section.3}{\376\377\000D\000a\000t\000a\000\040\000V\000a\000l\000i\000d\000a\000t\000i\000o\000n\000\040\000\046\000\040\000D\000o\000c\000u\000m\000e\000n\000t\000a\000t\000i\000o\000n}{}% 15
\BOOKMARK [2][-]{subsection.3.1}{\376\377\000D\000a\000t\000a\000s\000e\000t\000\040\000V\000a\000l\000i\000d\000a\000t\000i\000o\000n\000\040\000P\000i\000p\000e\000l\000i\000n\000e}{section.3}% 16
\BOOKMARK [2][-]{subsection.3.2}{\376\377\000D\000a\000t\000a\000s\000e\000t\000\040\000V\000a\000l\000i\000d\000a\000t\000i\000o\000n\000\040\000R\000e\000p\000o\000r\000t}{section.3}% 17
\BOOKMARK [3][-]{subsubsection.3.2.1}{\376\377\000C\000o\000m\000p\000l\000e\000t\000e\000n\000e\000s\000s\000\040\000-\000\040\000M\000i\000s\000s\000i\000n\000g\000\040\000V\000a\000l\000u\000e\000s\000\040\000A\000n\000a\000l\000y\000s\000i\000s}{subsection.3.2}% 18
\BOOKMARK [3][-]{subsubsection.3.2.2}{\376\377\000D\000e\000s\000c\000r\000i\000p\000t\000i\000v\000e\000\040\000S\000t\000a\000t\000i\000s\000t\000i\000c\000s\000\040\000\050\000N\000u\000m\000e\000r\000i\000c\000\040\000C\000o\000l\000u\000m\000n\000s\000\051}{subsection.3.2}% 19
\BOOKMARK [3][-]{subsubsection.3.2.3}{\376\377\000D\000i\000s\000t\000r\000i\000b\000u\000t\000i\000o\000n\000\040\000C\000h\000e\000c\000k\000s}{subsection.3.2}% 20
\BOOKMARK [3][-]{subsubsection.3.2.4}{\376\377\000C\000o\000n\000s\000i\000s\000t\000e\000n\000c\000y\000\040\000-\000\040\000S\000c\000h\000e\000m\000a\000\040\000\046\000\040\000D\000a\000t\000a\000\040\000T\000y\000p\000e\000s}{subsection.3.2}% 21
\BOOKMARK [3][-]{subsubsection.3.2.5}{\376\377\000V\000a\000l\000i\000d\000i\000t\000y\000\040\000C\000h\000e\000c\000k\000s}{subsection.3.2}% 22
\BOOKMARK [3][-]{subsubsection.3.2.6}{\376\377\000U\000n\000i\000q\000u\000e\000n\000e\000s\000s\000\040\000-\000\040\000D\000u\000p\000l\000i\000c\000a\000t\000e\000\040\000D\000e\000t\000e\000c\000t\000i\000o\000n}{subsection.3.2}% 23
\BOOKMARK [3][-]{subsubsection.3.2.7}{\376\377\000S\000t\000a\000t\000i\000s\000t\000i\000c\000a\000l\000\040\000O\000u\000t\000l\000i\000e\000r\000\040\000D\000e\000t\000e\000c\000t\000i\000o\000n}{subsection.3.2}% 24
\BOOKMARK [2][-]{subsection.3.3}{\376\377\000Q\000u\000a\000l\000i\000t\000y\000\040\000I\000s\000s\000u\000e\000s\000\040\000S\000u\000m\000m\000a\000r\000y}{section.3}% 25
\BOOKMARK [2][-]{subsection.3.4}{\376\377\000T\000a\000r\000g\000e\000t\000\040\000V\000a\000r\000i\000a\000b\000l\000e\000\040\000D\000e\000f\000i\000n\000i\000t\000i\000o\000n}{section.3}% 26
\BOOKMARK [1][-]{section.4}{\376\377\000P\000r\000e\000p\000r\000o\000c\000e\000s\000s\000i\000n\000g\000,\000\040\000T\000r\000a\000n\000s\000f\000o\000r\000m\000a\000t\000i\000o\000n\000\040\000\046\000\040\000E\000n\000g\000i\000n\000e\000e\000r\000i\000n\000g\000\040\000D\000a\000t\000a}{}% 27
\BOOKMARK [2][-]{subsection.4.1}{\376\377\000C\000l\000e\000a\000n\000i\000n\000g\000\040\000P\000i\000p\000e\000l\000i\000n\000e}{section.4}% 28
\BOOKMARK [2][-]{subsection.4.2}{\376\377\000C\000l\000e\000a\000n\000i\000n\000g\000\040\000S\000t\000e\000p\000s\000\040\000\046\000\040\000J\000u\000s\000t\000i\000f\000i\000c\000a\000t\000i\000o\000n}{section.4}% 29
\BOOKMARK [2][-]{subsection.4.3}{\376\377\000O\000u\000t\000l\000i\000e\000r\000\040\000D\000e\000t\000e\000c\000t\000i\000o\000n\000\040\000\046\000\040\000H\000a\000n\000d\000l\000i\000n\000g}{section.4}% 30
\BOOKMARK [2][-]{subsection.4.4}{\376\377\000F\000e\000a\000t\000u\000r\000e\000\040\000T\000r\000a\000n\000s\000f\000o\000r\000m\000a\000t\000i\000o\000n\000\040\000\046\000\040\000J\000u\000s\000t\000i\000f\000i\000c\000a\000t\000i\000o\000n}{section.4}% 31
\BOOKMARK [2][-]{subsection.4.5}{\376\377\000F\000e\000a\000t\000u\000r\000e\000\040\000E\000n\000g\000i\000n\000e\000e\000r\000i\000n\000g}{section.4}% 32
\BOOKMARK [2][-]{subsection.4.6}{\376\377\000F\000e\000a\000t\000u\000r\000e\000\040\000S\000e\000l\000e\000c\000t\000i\000o\000n\000\040\000\046\000\040\000J\000u\000s\000t\000i\000f\000i\000c\000a\000t\000i\000o\000n}{section.4}% 33
\BOOKMARK [2][-]{subsection.4.7}{\376\377\000T\000r\000a\000i\000n\000-\000V\000a\000l\000i\000d\000a\000t\000i\000o\000n\000-\000T\000e\000s\000t\000\040\000S\000p\000l\000i\000t\000\040\000P\000r\000o\000c\000e\000d\000u\000r\000e}{section.4}% 34
\BOOKMARK [2][-]{subsection.4.8}{\376\377\000D\000a\000t\000a\000\040\000B\000a\000l\000a\000n\000c\000i\000n\000g\000\040\000S\000t\000r\000a\000t\000e\000g\000y}{section.4}% 35
\BOOKMARK [2][-]{subsection.4.9}{\376\377\000P\000r\000e\000p\000r\000o\000c\000e\000s\000s\000i\000n\000g\000\040\000S\000u\000m\000m\000a\000r\000y}{section.4}% 36
\BOOKMARK [2][-]{subsection.4.10}{\376\377\000D\000a\000t\000a\000s\000e\000t\000\040\000A\000f\000t\000e\000r\000\040\000a\000n\000d\000\040\000B\000e\000f\000o\000r\000e\000\040\000P\000r\000e\000p\000r\000o\000c\000e\000s\000s\000i\000n\000g}{section.4}% 37
\BOOKMARK [1][-]{section.5}{\376\377\000E\000x\000p\000l\000o\000r\000a\000t\000o\000r\000y\000\040\000D\000a\000t\000a\000\040\000A\000n\000a\000l\000y\000s\000i\000s}{}% 38
\BOOKMARK [2][-]{subsection.5.1}{\376\377\000O\000v\000e\000r\000v\000i\000e\000w\000\040\000\046\000\040\000M\000o\000t\000i\000v\000a\000t\000i\000o\000n}{section.5}% 39
\BOOKMARK [2][-]{subsection.5.2}{\376\377\000E\000D\000A\000\040\000D\000a\000s\000h\000b\000o\000a\000r\000d}{section.5}% 40
\BOOKMARK [2][-]{subsection.5.3}{\376\377\000H\000y\000p\000o\000t\000h\000e\000s\000i\000s\000-\000D\000r\000i\000v\000e\000n\000\040\000A\000n\000a\000l\000y\000s\000i\000s}{section.5}% 41
\BOOKMARK [3][-]{subsubsection.5.3.1}{\376\377\000H\000y\000p\000o\000t\000h\000e\000s\000i\000s\000\040\0001\000\040\040\024\000\040\000V\000e\000h\000i\000c\000l\000e\000\040\000A\000g\000e\000\040\000a\000n\000d\000\040\000t\000h\000e\000\040\000B\000u\000d\000g\000e\000t\000\040\000T\000i\000e\000r}{subsection.5.3}% 42
\BOOKMARK [3][-]{subsubsection.5.3.2}{\376\377\000H\000y\000p\000o\000t\000h\000e\000s\000i\000s\000\040\0002\000\040\040\024\000\040\000A\000c\000c\000u\000m\000u\000l\000a\000t\000e\000d\000\040\000M\000i\000l\000e\000a\000g\000e\000\040\000a\000n\000d\000\040\000B\000u\000d\000g\000e\000t\000\040\000C\000l\000a\000s\000s\000i\000f\000i\000c\000a\000t\000i\000o\000n}{subsection.5.3}% 43
\BOOKMARK [3][-]{subsubsection.5.3.3}{\376\377\000H\000y\000p\000o\000t\000h\000e\000s\000i\000s\000\040\0003\000\040\040\024\000\040\000E\000n\000g\000i\000n\000e\000\040\000P\000o\000w\000e\000r\000\040\000a\000n\000d\000\040\000t\000h\000e\000\040\000L\000u\000x\000u\000r\000y\000\040\000T\000i\000e\000r}{subsection.5.3}% 44
\BOOKMARK [3][-]{subsubsection.5.3.4}{\376\377\000H\000y\000p\000o\000t\000h\000e\000s\000i\000s\000\040\0004\000\040\040\024\000\040\000B\000r\000a\000n\000d\000\040\000P\000r\000e\000s\000t\000i\000g\000e\000\040\000a\000n\000d\000\040\000L\000u\000x\000u\000r\000y\000\040\000M\000a\000r\000k\000e\000t\000\040\000S\000h\000a\000r\000e}{subsection.5.3}% 45
\BOOKMARK [3][-]{subsubsection.5.3.5}{\376\377\000H\000y\000p\000o\000t\000h\000e\000s\000i\000s\000\040\0005\000\040\040\024\000\040\000V\000e\000h\000i\000c\000l\000e\000\040\000B\000o\000d\000y\000\040\000T\000y\000p\000e\000\040\000a\000n\000d\000\040\000T\000i\000e\000r\000\040\000C\000o\000m\000p\000o\000s\000i\000t\000i\000o\000n}{subsection.5.3}% 46
\BOOKMARK [2][-]{subsection.5.4}{\376\377\000F\000r\000o\000m\000\040\000E\000D\000A\000\040\000I\000n\000s\000i\000g\000h\000t\000s\000\040\000t\000o\000\040\000M\000o\000d\000e\000l\000\040\000S\000e\000l\000e\000c\000t\000i\000o\000n}{section.5}% 47
\BOOKMARK [1][-]{section.6}{\376\377\000M\000o\000d\000e\000l\000\040\000D\000e\000v\000e\000l\000o\000p\000m\000e\000n\000t}{}% 48
\BOOKMARK [2][-]{subsection.6.1}{\376\377\000M\000o\000d\000e\000l\000\040\000C\000a\000n\000d\000i\000d\000a\000t\000e\000s\000\040\000a\000n\000d\000\040\000R\000a\000t\000i\000o\000n\000a\000l\000e}{section.6}% 49
\BOOKMARK [2][-]{subsection.6.2}{\376\377\000H\000y\000p\000e\000r\000p\000a\000r\000a\000m\000e\000t\000e\000r\000\040\000S\000e\000a\000r\000c\000h\000\040\000S\000t\000r\000a\000t\000e\000g\000y}{section.6}% 50
\BOOKMARK [2][-]{subsection.6.3}{\376\377\000C\000o\000m\000p\000l\000e\000t\000e\000\040\000M\000o\000d\000e\000l\000\040\000C\000o\000m\000p\000a\000r\000i\000s\000o\000n\000\040\000R\000e\000s\000u\000l\000t\000s}{section.6}% 51
\BOOKMARK [2][-]{subsection.6.4}{\376\377\000V\000a\000l\000i\000d\000a\000t\000i\000o\000n\000\040\000S\000t\000r\000a\000t\000e\000g\000y\000\040\000a\000n\000d\000\040\000O\000v\000e\000r\000f\000i\000t\000t\000i\000n\000g\000\040\000A\000n\000a\000l\000y\000s\000i\000s}{section.6}% 52
\BOOKMARK [3][-]{subsubsection.6.4.1}{\376\377\000O\000v\000e\000r\000f\000i\000t\000t\000i\000n\000g\000\040\000C\000h\000e\000c\000k}{subsection.6.4}% 53
\BOOKMARK [3][-]{subsubsection.6.4.2}{\376\377\000S\000t\000a\000b\000i\000l\000i\000t\000y\000\040\000A\000n\000a\000l\000y\000s\000i\000s}{subsection.6.4}% 54
\BOOKMARK [3][-]{subsubsection.6.4.3}{\376\377\000U\000n\000d\000e\000r\000f\000i\000t\000t\000i\000n\000g\000\040\000D\000e\000t\000e\000c\000t\000i\000o\000n}{subsection.6.4}% 55
\BOOKMARK [2][-]{subsection.6.5}{\376\377\000M\000o\000d\000e\000l\000\040\000S\000e\000l\000e\000c\000t\000i\000o\000n\000\040\000C\000r\000i\000t\000e\000r\000i\000a}{section.6}% 56
\BOOKMARK [1][-]{section.7}{\376\377\000E\000x\000p\000e\000r\000i\000m\000e\000n\000t\000\040\000T\000r\000a\000c\000k\000i\000n\000g\000\040\000w\000i\000t\000h\000\040\000M\000L\000f\000l\000o\000w}{}% 57
\BOOKMARK [2][-]{subsection.7.1}{\376\377\000E\000x\000p\000e\000r\000i\000m\000e\000n\000t\000\040\000S\000e\000t\000u\000p\000\040\000a\000n\000d\000\040\000L\000o\000g\000g\000i\000n\000g\000\040\000S\000t\000r\000a\000t\000e\000g\000y}{section.7}% 58
\BOOKMARK [2][-]{subsection.7.2}{\376\377\000M\000o\000d\000e\000l\000\040\000R\000u\000n\000s\000\040\000a\000n\000d\000\040\000H\000y\000p\000e\000r\000p\000a\000r\000a\000m\000e\000t\000e\000r\000s}{section.7}% 59
\BOOKMARK [2][-]{subsection.7.3}{\376\377\000M\000e\000t\000r\000i\000c\000s\000\040\000T\000r\000a\000c\000k\000i\000n\000g}{section.7}% 60
\BOOKMARK [2][-]{subsection.7.4}{\376\377\000M\000o\000d\000e\000l\000\040\000A\000r\000t\000i\000f\000a\000c\000t\000s\000\040\000a\000n\000d\000\040\000V\000e\000r\000s\000i\000o\000n\000i\000n\000g}{section.7}% 61
\BOOKMARK [2][-]{subsection.7.5}{\376\377\000M\000L\000f\000l\000o\000w\000\040\000E\000x\000p\000e\000r\000i\000m\000e\000n\000t\000\040\000C\000o\000m\000p\000a\000r\000i\000s\000o\000n\000\040\000I\000n\000t\000e\000r\000f\000a\000c\000e}{section.7}% 62
\BOOKMARK [2][-]{subsection.7.6}{\376\377\000M\000L\000f\000l\000o\000w\000\040\000B\000e\000n\000e\000f\000i\000t\000s\000\040\000f\000o\000r\000\040\000T\000h\000i\000s\000\040\000P\000r\000o\000j\000e\000c\000t}{section.7}% 63
\BOOKMARK [1][-]{section.8}{\376\377\000T\000e\000s\000t\000i\000n\000g}{}% 64
\BOOKMARK [2][-]{subsection.8.1}{\376\377\000S\000o\000f\000t\000w\000a\000r\000e\000\040\000T\000e\000s\000t\000i\000n\000g\000:\000\040\000U\000n\000i\000t\000\040\000a\000n\000d\000\040\000I\000n\000t\000e\000g\000r\000a\000t\000i\000o\000n}{section.8}% 65
\BOOKMARK [2][-]{subsection.8.2}{\376\377\000M\000o\000d\000e\000l\000\040\000T\000e\000s\000t\000i\000n\000g\000:\000\040\000G\000e\000n\000e\000r\000a\000l\000i\000z\000a\000t\000i\000o\000n}{section.8}% 66
\BOOKMARK [1][-]{section.9}{\376\377\000R\000e\000s\000u\000l\000t\000s\000\040\000\046\000\040\000E\000v\000a\000l\000u\000a\000t\000i\000o\000n}{}% 67
\BOOKMARK [2][-]{subsection.9.1}{\376\377\000M\000o\000d\000e\000l\000\040\000P\000e\000r\000f\000o\000r\000m\000a\000n\000c\000e\000\040\000S\000u\000m\000m\000a\000r\000y}{section.9}% 68
\BOOKMARK [2][-]{subsection.9.2}{\376\377\000C\000o\000n\000f\000u\000s\000i\000o\000n\000\040\000M\000a\000t\000r\000i\000x\000\040\000A\000n\000a\000l\000y\000s\000i\000s}{section.9}% 69
\BOOKMARK [2][-]{subsection.9.3}{\376\377\000C\000l\000a\000s\000s\000i\000f\000i\000c\000a\000t\000i\000o\000n\000\040\000R\000e\000p\000o\000r\000t\000\040\000\050\000B\000e\000s\000t\000\040\000M\000o\000d\000e\000l\000\051}{section.9}% 70
\BOOKMARK [2][-]{subsection.9.4}{\376\377\000F\000e\000a\000t\000u\000r\000e\000\040\000I\000m\000p\000o\000r\000t\000a\000n\000c\000e\000\040\000A\000n\000a\000l\000y\000s\000i\000s}{section.9}% 71
\BOOKMARK [2][-]{subsection.9.5}{\376\377\000E\000r\000r\000o\000r\000\040\000A\000n\000a\000l\000y\000s\000i\000s}{section.9}% 72
\BOOKMARK [3][-]{subsubsection.9.5.1}{\376\377\000P\000r\000i\000m\000a\000r\000y\000\040\000E\000r\000r\000o\000r\000\040\000P\000a\000t\000t\000e\000r\000n\000s}{subsection.9.5}% 73
\BOOKMARK [3][-]{subsubsection.9.5.2}{\376\377\000F\000a\000i\000l\000u\000r\000e\000\040\000M\000o\000d\000e\000\040\000A\000n\000a\000l\000y\000s\000i\000s}{subsection.9.5}% 74
\BOOKMARK [2][-]{subsection.9.6}{\376\377\000B\000u\000s\000i\000n\000e\000s\000s\000\040\000M\000e\000t\000r\000i\000c\000\040\000I\000n\000t\000e\000r\000p\000r\000e\000t\000a\000t\000i\000o\000n}{section.9}% 75
\BOOKMARK [3][-]{subsubsection.9.6.1}{\376\377\000L\000u\000x\000u\000r\000y\000\040\000R\000e\000c\000a\000l\000l\000\040\000\050\0009\0000\000.\0005\0003\000\045\000\051}{subsection.9.6}% 76
\BOOKMARK [3][-]{subsubsection.9.6.2}{\376\377\000S\000e\000v\000e\000r\000e\000\040\000M\000i\000s\000c\000l\000a\000s\000s\000i\000f\000i\000c\000a\000t\000i\000o\000n\000\040\000R\000a\000t\000e\000\040\000\050\0000\000.\0002\0008\000\045\000\051}{subsection.9.6}% 77
\BOOKMARK [2][-]{subsection.9.7}{\376\377\000R\000e\000s\000a\000m\000p\000l\000i\000n\000g\000\040\000S\000t\000r\000a\000t\000e\000g\000y\000\040\000I\000m\000p\000a\000c\000t}{section.9}% 78
\BOOKMARK [1][-]{section.10}{\376\377\000C\000o\000d\000e\000\040\000A\000u\000t\000o\000m\000a\000t\000i\000o\000n}{}% 79
\BOOKMARK [1][-]{section.11}{\376\377\000C\000o\000n\000t\000i\000n\000u\000o\000u\000s\000\040\000I\000n\000t\000e\000g\000r\000a\000t\000i\000o\000n}{}% 80
\BOOKMARK [1][-]{section.12}{\376\377\000I\000n\000t\000e\000r\000a\000c\000t\000i\000v\000e\000\040\000D\000a\000s\000h\000b\000o\000a\000r\000d}{}% 81
\BOOKMARK [2][-]{subsection.12.1}{\376\377\000P\000u\000r\000p\000o\000s\000e\000\040\000\046\000\040\000B\000u\000s\000i\000n\000e\000s\000s\000\040\000V\000a\000l\000u\000e}{section.12}% 82
\BOOKMARK [2][-]{subsection.12.2}{\376\377\000T\000e\000c\000h\000n\000o\000l\000o\000g\000y\000\040\000S\000t\000a\000c\000k}{section.12}% 83
\BOOKMARK [2][-]{subsection.12.3}{\376\377\000K\000e\000y\000\040\000D\000a\000s\000h\000b\000o\000a\000r\000d\000\040\000C\000o\000m\000p\000o\000n\000e\000n\000t\000s}{section.12}% 84
\BOOKMARK [1][-]{section.13}{\376\377\000L\000i\000m\000i\000t\000a\000t\000i\000o\000n\000s\000\040\000\046\000\040\000F\000u\000t\000u\000r\000e\000\040\000W\000o\000r\000k}{}% 85
\BOOKMARK [2][-]{subsection.13.1}{\376\377\000L\000i\000m\000i\000t\000a\000t\000i\000o\000n\000s}{section.13}% 86
\BOOKMARK [2][-]{subsection.13.2}{\376\377\000F\000u\000t\000u\000r\000e\000\040\000W\000o\000r\000k}{section.13}% 87
\BOOKMARK [1][-]{section.14}{\376\377\000T\000e\000a\000m\000\040\000C\000o\000n\000t\000r\000i\000b\000u\000t\000i\000o\000n\000s}{}% 88
